<?xml version="1.0" encoding="UTF-8"?>
<testng-results skipped="0" failed="1" ignored="0" total="1" passed="0">
  <reporter-output>
  </reporter-output>
  <suite name="Default suite" duration-ms="2114" started-at="2020-06-21T01:38:38Z" finished-at="2020-06-21T01:38:40Z">
    <groups>
      <group name="cucumber">
        <method signature="AbstractTestNGCucumberTests.feature(cucumber.api.testng.CucumberFeatureWrapper)[pri:0, instance:com.testrunner.LoginTest@1e88b3c]" name="feature" class="cucumber.api.testng.AbstractTestNGCucumberTests"/>
      </group> <!-- cucumber -->
    </groups>
    <test name="Default test" duration-ms="2114" started-at="2020-06-21T01:38:38Z" finished-at="2020-06-21T01:38:40Z">
      <class name="com.testrunner.LoginTest">
        <test-method status="PASS" signature="setUpClass()[pri:0, instance:com.testrunner.LoginTest@1e88b3c]" name="setUpClass" is-config="true" duration-ms="194" started-at="2020-06-21T01:38:38Z" finished-at="2020-06-21T01:38:38Z">
          <reporter-output>
          </reporter-output>
        </test-method> <!-- setUpClass -->
        <test-method status="FAIL" signature="feature(cucumber.api.testng.CucumberFeatureWrapper)[pri:0, instance:com.testrunner.LoginTest@1e88b3c]" name="feature" duration-ms="1828" started-at="2020-06-21T01:38:38Z" description="Runs Cucumber Feature" data-provider="features" finished-at="2020-06-21T01:38:40Z">
          <params>
            <param index="0">
              <value>
                <![CDATA[Login to Amazon website or homepage]]>
              </value>
            </param>
          </params>
          <exception class="cucumber.runtime.CucumberException">
            <message>
              <![CDATA[org.openqa.selenium.SessionNotCreatedException: session not created: This version of ChromeDriver only supports Chrome version 79
Build info: version: '3.141.59', revision: 'e82be7d358', time: '2018-11-14T08:17:03'
System info: host: 'BULBUL-XPS', ip: '192.168.1.192', os.name: 'Windows 10', os.arch: 'amd64', os.version: '10.0', java.version: '1.8.0_201'
Driver info: driver.version: ChromeDriver
remote stacktrace: Backtrace:
Ordinal0 [0x002BA113+1548563]
Ordinal0 [0x0023DDA1+1039777]
Ordinal0 [0x001BE485+517253]
Ordinal0 [0x0014FD34+64820]
Ordinal0 [0x0014C61E+50718]
Ordinal0 [0x0016B797+178071]
Ordinal0 [0x0016B59D+177565]
Ordinal0 [0x001695FB+169467]
Ordinal0 [0x0015160A+71178]
Ordinal0 [0x00152690+75408]
Ordinal0 [0x00152629+75305]
Ordinal0 [0x002571B7+1143223]
GetHandleVerifier [0x00352B46+507814]
GetHandleVerifier [0x00352864+507076]
GetHandleVerifier [0x00359F47+537511]
GetHandleVerifier [0x00353402+510050]
Ordinal0 [0x0024F29C+1110684]
Ordinal0 [0x0025938B+1151883]
Ordinal0 [0x002594F3+1152243]
Ordinal0 [0x002583F5+1147893]
BaseThreadInitThunk [0x757F6359+25]
RtlGetAppContainerNamedObjectPath [0x77247C24+228]
RtlGetAppContainerNamedObjectPath [0x77247BF4+180]
]]>
            </message>
            <full-stacktrace>
              <![CDATA[cucumber.runtime.CucumberException: org.openqa.selenium.SessionNotCreatedException: session not created: This version of ChromeDriver only supports Chrome version 79
Build info: version: '3.141.59', revision: 'e82be7d358', time: '2018-11-14T08:17:03'
System info: host: 'BULBUL-XPS', ip: '192.168.1.192', os.name: 'Windows 10', os.arch: 'amd64', os.version: '10.0', java.version: '1.8.0_201'
Driver info: driver.version: ChromeDriver
remote stacktrace: Backtrace:
Ordinal0 [0x002BA113+1548563]
Ordinal0 [0x0023DDA1+1039777]
Ordinal0 [0x001BE485+517253]
Ordinal0 [0x0014FD34+64820]
Ordinal0 [0x0014C61E+50718]
Ordinal0 [0x0016B797+178071]
Ordinal0 [0x0016B59D+177565]
Ordinal0 [0x001695FB+169467]
Ordinal0 [0x0015160A+71178]
Ordinal0 [0x00152690+75408]
Ordinal0 [0x00152629+75305]
Ordinal0 [0x002571B7+1143223]
GetHandleVerifier [0x00352B46+507814]
GetHandleVerifier [0x00352864+507076]
GetHandleVerifier [0x00359F47+537511]
GetHandleVerifier [0x00353402+510050]
Ordinal0 [0x0024F29C+1110684]
Ordinal0 [0x0025938B+1151883]
Ordinal0 [0x002594F3+1152243]
Ordinal0 [0x002583F5+1147893]
BaseThreadInitThunk [0x757F6359+25]
RtlGetAppContainerNamedObjectPath [0x77247C24+228]
RtlGetAppContainerNamedObjectPath [0x77247BF4+180]

at cucumber.api.testng.TestNGCucumberRunner.runCucumber(TestNGCucumberRunner.java:69)
at cucumber.api.testng.AbstractTestNGCucumberTests.feature(AbstractTestNGCucumberTests.java:21)
at sun.reflect.NativeMethodAccessorImpl.invoke0(Native Method)
at sun.reflect.NativeMethodAccessorImpl.invoke(NativeMethodAccessorImpl.java:62)
at sun.reflect.DelegatingMethodAccessorImpl.invoke(DelegatingMethodAccessorImpl.java:43)
at java.lang.reflect.Method.invoke(Method.java:498)
at org.testng.internal.MethodInvocationHelper.invokeMethod(MethodInvocationHelper.java:124)
at org.testng.internal.Invoker.invokeMethod(Invoker.java:583)
at org.testng.internal.Invoker.invokeTestMethod(Invoker.java:719)
at org.testng.internal.Invoker.invokeTestMethods(Invoker.java:989)
at org.testng.internal.TestMethodWorker.invokeTestMethods(TestMethodWorker.java:125)
at org.testng.internal.TestMethodWorker.run(TestMethodWorker.java:109)
at org.testng.TestRunner.privateRun(TestRunner.java:648)
at org.testng.TestRunner.run(TestRunner.java:505)
at org.testng.SuiteRunner.runTest(SuiteRunner.java:455)
at org.testng.SuiteRunner.runSequentially(SuiteRunner.java:450)
at org.testng.SuiteRunner.privateRun(SuiteRunner.java:415)
at org.testng.SuiteRunner.run(SuiteRunner.java:364)
at org.testng.SuiteRunnerWorker.runSuite(SuiteRunnerWorker.java:52)
at org.testng.SuiteRunnerWorker.run(SuiteRunnerWorker.java:84)
at org.testng.TestNG.runSuitesSequentially(TestNG.java:1208)
at org.testng.TestNG.runSuitesLocally(TestNG.java:1137)
at org.testng.TestNG.runSuites(TestNG.java:1049)
at org.testng.TestNG.run(TestNG.java:1017)
at org.testng.remote.AbstractRemoteTestNG.run(AbstractRemoteTestNG.java:115)
at org.testng.remote.RemoteTestNG.initAndRun(RemoteTestNG.java:251)
at org.testng.remote.RemoteTestNG.main(RemoteTestNG.java:77)
Caused by: org.openqa.selenium.SessionNotCreatedException: session not created: This version of ChromeDriver only supports Chrome version 79
Build info: version: '3.141.59', revision: 'e82be7d358', time: '2018-11-14T08:17:03'
System info: host: 'BULBUL-XPS', ip: '192.168.1.192', os.name: 'Windows 10', os.arch: 'amd64', os.version: '10.0', java.version: '1.8.0_201'
Driver info: driver.version: ChromeDriver
remote stacktrace: Backtrace:
Ordinal0 [0x002BA113+1548563]
Ordinal0 [0x0023DDA1+1039777]
Ordinal0 [0x001BE485+517253]
Ordinal0 [0x0014FD34+64820]
Ordinal0 [0x0014C61E+50718]
Ordinal0 [0x0016B797+178071]
Ordinal0 [0x0016B59D+177565]
Ordinal0 [0x001695FB+169467]
Ordinal0 [0x0015160A+71178]
Ordinal0 [0x00152690+75408]
Ordinal0 [0x00152629+75305]
Ordinal0 [0x002571B7+1143223]
GetHandleVerifier [0x00352B46+507814]
GetHandleVerifier [0x00352864+507076]
GetHandleVerifier [0x00359F47+537511]
GetHandleVerifier [0x00353402+510050]
Ordinal0 [0x0024F29C+1110684]
Ordinal0 [0x0025938B+1151883]
Ordinal0 [0x002594F3+1152243]
Ordinal0 [0x002583F5+1147893]
BaseThreadInitThunk [0x757F6359+25]
RtlGetAppContainerNamedObjectPath [0x77247C24+228]
RtlGetAppContainerNamedObjectPath [0x77247BF4+180]

at sun.reflect.NativeConstructorAccessorImpl.newInstance0(Native Method)
at sun.reflect.NativeConstructorAccessorImpl.newInstance(NativeConstructorAccessorImpl.java:62)
at sun.reflect.DelegatingConstructorAccessorImpl.newInstance(DelegatingConstructorAccessorImpl.java:45)
at java.lang.reflect.Constructor.newInstance(Constructor.java:423)
at org.openqa.selenium.remote.W3CHandshakeResponse.lambda$errorHandler$0(W3CHandshakeResponse.java:62)
at org.openqa.selenium.remote.HandshakeResponse.lambda$getResponseFunction$0(HandshakeResponse.java:30)
at org.openqa.selenium.remote.ProtocolHandshake.lambda$createSession$0(ProtocolHandshake.java:126)
at java.util.stream.ReferencePipeline$3$1.accept(ReferencePipeline.java:193)
at java.util.Spliterators$ArraySpliterator.tryAdvance(Spliterators.java:958)
at java.util.stream.ReferencePipeline.forEachWithCancel(ReferencePipeline.java:126)
at java.util.stream.AbstractPipeline.copyIntoWithCancel(AbstractPipeline.java:498)
at java.util.stream.AbstractPipeline.copyInto(AbstractPipeline.java:485)
at java.util.stream.AbstractPipeline.wrapAndCopyInto(AbstractPipeline.java:471)
at java.util.stream.FindOps$FindOp.evaluateSequential(FindOps.java:152)
at java.util.stream.AbstractPipeline.evaluate(AbstractPipeline.java:234)
at java.util.stream.ReferencePipeline.findFirst(ReferencePipeline.java:464)
at org.openqa.selenium.remote.ProtocolHandshake.createSession(ProtocolHandshake.java:128)
at org.openqa.selenium.remote.ProtocolHandshake.createSession(ProtocolHandshake.java:74)
at org.openqa.selenium.remote.HttpCommandExecutor.execute(HttpCommandExecutor.java:136)
at org.openqa.selenium.remote.service.DriverCommandExecutor.execute(DriverCommandExecutor.java:83)
at org.openqa.selenium.remote.RemoteWebDriver.execute(RemoteWebDriver.java:552)
at org.openqa.selenium.remote.RemoteWebDriver.startSession(RemoteWebDriver.java:213)
at org.openqa.selenium.remote.RemoteWebDriver.<init>(RemoteWebDriver.java:131)
at org.openqa.selenium.chrome.ChromeDriver.<init>(ChromeDriver.java:181)
at org.openqa.selenium.chrome.ChromeDriver.<init>(ChromeDriver.java:168)
at org.openqa.selenium.chrome.ChromeDriver.<init>(ChromeDriver.java:123)
at com.common.Base.getdriver(Base.java:12)
at com.stepdef.LoginStep.i_m_on_the_Amazon_homepage(LoginStep.java:14)
at âœ½.Given I'm on the Amazon homepage(login.feature:5)
]]>
            </full-stacktrace>
          </exception> <!-- cucumber.runtime.CucumberException -->
          <reporter-output>
          </reporter-output>
        </test-method> <!-- feature -->
        <test-method status="PASS" signature="tearDownClass()[pri:0, instance:com.testrunner.LoginTest@1e88b3c]" name="tearDownClass" is-config="true" duration-ms="3" started-at="2020-06-21T01:38:40Z" finished-at="2020-06-21T01:38:40Z">
          <reporter-output>
          </reporter-output>
        </test-method> <!-- tearDownClass -->
      </class> <!-- com.testrunner.LoginTest -->
    </test> <!-- Default test -->
  </suite> <!-- Default suite -->
</testng-results>
